<?xml version="1.0" encoding="UTF-8"?>
<testsuite errors="0" failures="0" hostname="ZGYXHIT" name="test.java.org.gradle.ParkingBoyChoosing" tests="1" time="0.055" timestamp="2012-12-18T15:29:31">
  <properties />
  <testcase classname="test.java.org.gradle.ParkingBoyChoosing" name="shoud_smartboy_parkCar" time="0.005" />
  <system-out><![CDATA[]]></system-out>
  <system-err><![CDATA[]]></system-err>
</testsuite>
